<?xml version="1.0" encoding="UTF-8"?>
<!-- Generated by org.testng.reporters.JUnitXMLReporter -->
<testsuite ignored="0" hostname="Brayan-Ulloa-MacBook-Pro.local" failures="0" tests="10" name="Parallel Regression" time="3.884" errors="0" timestamp="26 Mar 2021 19:24:09 GMT">
  <testcase classname="tests.Login" name="LoginSuccessful" time="0.803"/>
  <testcase classname="tests.Register" name="RegistrationSuccessful" time="1.016"/>
  <testcase classname="tests.User" name="CreateUser" time="1.016"/>
  <testcase classname="tests.User" name="GetListOfUsers" time="0.203"/>
  <testcase classname="tests.Register" name="RegistrationUnsuccessful" time="0.473"/>
  <testcase classname="tests.User" name="PatchUpdateUser" time="0.485"/>
  <testcase classname="tests.User" name="UpdateUser" time="0.476"/>
  <testcase classname="tests.User" name="VerifyResponseTime" time="0.206"/>
  <testcase classname="tests.User" name="VerifyUserEmail" time="0.558"/>
  <testcase classname="tests.User" name="deleteUser" time="0.523"/>
</testsuite> <!-- Parallel Regression -->
