<?xml version="1.0" encoding="UTF-8"?>
<testsuite xmlns:xsi="http://www.w3.org/2001/XMLSchema-instance" xsi:noNamespaceSchemaLocation="https://maven.apache.org/surefire/maven-surefire-plugin/xsd/surefire-test-report.xsd" name="TestSuite" time="4.506" tests="10" errors="0" skipped="0" failures="0">
  <properties>
[...]
</properties>
  <testcase name="LoginSuccessful" classname="tests.Login" time="0.803"/>
  <testcase name="CreateUser" classname="tests.User" time="1.015"/>
  <testcase name="RegistrationSuccessful" classname="tests.Register" time="1.015"/>
  <testcase name="GetListOfUsers" classname="tests.User" time="0.202"/>
  <testcase name="RegistrationUnsuccessful" classname="tests.Register" time="0.27"/>
  <testcase name="PatchUpdateUser" classname="tests.User" time="0.484"/>
  <testcase name="UpdateUser" classname="tests.User" time="0.477"/>
  <testcase name="VerifyResponseTime" classname="tests.User" time="0.207"/>
  <testcase name="VerifyUserEmail" classname="tests.User" time="0.559"/>
  <testcase name="deleteUser" classname="tests.User" time="0.523"/>
</testsuite>